# JRE version: OpenJDK Runtime Environment (11.0.12+7) (build 11.0.12+7-b1504.28-7817840)
# Java VM: OpenJDK 64-Bit Server VM (11.0.12+7-b1504.28-7817840, mixed mode, tiered, compressed oops, g1 gc, windows-amd64)
Heap:
 garbage-first heap   total 462848K, used 243982K [0x00000000a0000000, 0x0000000100000000)
  region size 1024K, 9 young (9216K), 1 survivors (1024K)
 Metaspace       used 140089K, capacity 143725K, committed 143824K, reserved 1175552K
  class space    used 16924K, capacity 18258K, committed 18304K, reserved 1048576K
GC Heap History (20 events):
Event: 358.834 GC heap before
{Heap before GC invocations=109 (full 0):
 garbage-first heap   total 462848K, used 401388K [0x00000000a0000000, 0x0000000100000000)
  region size 1024K, 152 young (155648K), 12 survivors (12288K)
 Metaspace       used 137915K, capacity 141255K, committed 141392K, reserved 1173504K
  class space    used 16656K, capacity 17887K, committed 17920K, reserved 1048576K
}
Event: 358.851 GC heap after
{Heap after GC invocations=110 (full 0):
 garbage-first heap   total 462848K, used 255801K [0x00000000a0000000, 0x0000000100000000)
  region size 1024K, 6 young (6144K), 6 survivors (6144K)
 Metaspace       used 137915K, capacity 141255K, committed 141392K, reserved 1173504K
  class space    used 16656K, capacity 17887K, committed 17920K, reserved 1048576K
}
Event: 360.597 GC heap before
{Heap before GC invocations=110 (full 0):
 garbage-first heap   total 462848K, used 428857K [0x00000000a0000000, 0x0000000100000000)
  region size 1024K, 148 young (151552K), 6 survivors (6144K)
 Metaspace       used 138040K, capacity 141385K, committed 141648K, reserved 1173504K
  class space    used 16657K, capacity 17887K, committed 17920K, reserved 1048576K
}
Event: 360.642 GC heap after
{Heap after GC invocations=111 (full 0):
 garbage-first heap   total 462848K, used 290342K [0x00000000a0000000, 0x0000000100000000)
  region size 1024K, 19 young (19456K), 19 survivors (19456K)
 Metaspace       used 138040K, capacity 141385K, committed 141648K, reserved 1173504K
  class space    used 16657K, capacity 17887K, committed 17920K, reserved 1048576K
}
Event: 361.929 GC heap before
{Heap before GC invocations=111 (full 0):
 garbage-first heap   total 462848K, used 387622K [0x00000000a0000000, 0x0000000100000000)
  region size 1024K, 113 young (115712K), 19 survivors (19456K)
 Metaspace       used 138095K, capacity 141390K, committed 141648K, reserved 1173504K
  class space    used 16657K, capacity 17887K, committed 17920K, reserved 1048576K
}
Event: 362.056 GC heap after
{Heap after GC invocations=112 (full 0):
 garbage-first heap   total 462848K, used 333824K [0x00000000a0000000, 0x0000000100000000)
  region size 1024K, 15 young (15360K), 15 survivors (15360K)
 Metaspace       used 138095K, capacity 141390K, committed 141648K, reserved 1173504K
  class space    used 16657K, capacity 17887K, committed 17920K, reserved 1048576K
}
Event: 363.317 GC heap before
{Heap before GC invocations=112 (full 0):
 garbage-first heap   total 462848K, used 397312K [0x00000000a0000000, 0x0000000100000000)
  region size 1024K, 64 young (65536K), 15 survivors (15360K)
 Metaspace       used 138096K, capacity 141390K, committed 141648K, reserved 1173504K
  class space    used 16657K, capacity 17887K, committed 17920K, reserved 1048576K
}
Event: 363.365 GC heap after
{Heap after GC invocations=113 (full 0):
 garbage-first heap   total 462848K, used 356864K [0x00000000a0000000, 0x0000000100000000)
  region size 1024K, 8 young (8192K), 8 survivors (8192K)
 Metaspace       used 138096K, capacity 141390K, committed 141648K, reserved 1173504K
  class space    used 16657K, capacity 17887K, committed 17920K, reserved 1048576K
}
Event: 363.846 GC heap before
{Heap before GC invocations=113 (full 0):
 garbage-first heap   total 462848K, used 402944K [0x00000000a0000000, 0x0000000100000000)
  region size 1024K, 45 young (46080K), 8 survivors (8192K)
 Metaspace       used 138096K, capacity 141390K, committed 141648K, reserved 1173504K
  class space    used 16657K, capacity 17887K, committed 17920K, reserved 1048576K
}
Event: 363.862 GC heap after
{Heap after GC invocations=114 (full 0):
 garbage-first heap   total 462848K, used 367847K [0x00000000a0000000, 0x0000000100000000)
  region size 1024K, 4 young (4096K), 4 survivors (4096K)
 Metaspace       used 138096K, capacity 141390K, committed 141648K, reserved 1173504K
  class space    used 16657K, capacity 17887K, committed 17920K, reserved 1048576K
}
Event: 366.145 GC heap before
{Heap before GC invocations=115 (full 0):
 garbage-first heap   total 462848K, used 392423K [0x00000000a0000000, 0x0000000100000000)
  region size 1024K, 37 young (37888K), 4 survivors (4096K)
 Metaspace       used 138998K, capacity 142346K, committed 142544K, reserved 1173504K
  class space    used 16781K, capacity 18007K, committed 18048K, reserved 1048576K
}
Event: 366.150 GC heap after
{Heap after GC invocations=116 (full 0):
 garbage-first heap   total 462848K, used 337900K [0x00000000a0000000, 0x0000000100000000)
  region size 1024K, 2 young (2048K), 2 survivors (2048K)
 Metaspace       used 138998K, capacity 142346K, committed 142544K, reserved 1173504K
  class space    used 16781K, capacity 18007K, committed 18048K, reserved 1048576K
}
Event: 872.398 GC heap before
{Heap before GC invocations=116 (full 0):
 garbage-first heap   total 462848K, used 357356K [0x00000000a0000000, 0x0000000100000000)
  region size 1024K, 22 young (22528K), 2 survivors (2048K)
 Metaspace       used 139522K, capacity 142959K, committed 143184K, reserved 1175552K
  class space    used 16842K, capacity 18082K, committed 18176K, reserved 1048576K
}
Event: 872.403 GC heap after
{Heap after GC invocations=117 (full 0):
 garbage-first heap   total 462848K, used 274898K [0x00000000a0000000, 0x0000000100000000)
  region size 1024K, 1 young (1024K), 1 survivors (1024K)
 Metaspace       used 139522K, capacity 142959K, committed 143184K, reserved 1175552K
  class space    used 16842K, capacity 18082K, committed 18176K, reserved 1048576K
}
Event: 2082.687 GC heap before
{Heap before GC invocations=117 (full 0):
 garbage-first heap   total 462848K, used 296402K [0x00000000a0000000, 0x0000000100000000)
  region size 1024K, 22 young (22528K), 1 survivors (1024K)
 Metaspace       used 139625K, capacity 143023K, committed 143184K, reserved 1175552K
  class space    used 16842K, capacity 18082K, committed 18176K, reserved 1048576K
}
Event: 2082.697 GC heap after
{Heap after GC invocations=118 (full 0):
 garbage-first heap   total 462848K, used 234568K [0x00000000a0000000, 0x0000000100000000)
  region size 1024K, 1 young (1024K), 1 survivors (1024K)
 Metaspace       used 139625K, capacity 143023K, committed 143184K, reserved 1175552K
  class space    used 16842K, capacity 18082K, committed 18176K, reserved 1048576K
}
Event: 3815.274 GC heap before
{Heap before GC invocations=118 (full 0):
 garbage-first heap   total 462848K, used 256072K [0x00000000a0000000, 0x0000000100000000)
  region size 1024K, 22 young (22528K), 1 survivors (1024K)
 Metaspace       used 139645K, capacity 143023K, committed 143184K, reserved 1175552K
  class space    used 16842K, capacity 18082K, committed 18176K, reserved 1048576K
}
Event: 3815.290 GC heap after
{Heap after GC invocations=119 (full 0):
 garbage-first heap   total 462848K, used 227257K [0x00000000a0000000, 0x0000000100000000)
  region size 1024K, 1 young (1024K), 1 survivors (1024K)
 Metaspace       used 139645K, capacity 143023K, committed 143184K, reserved 1175552K
  class space    used 16842K, capacity 18082K, committed 18176K, reserved 1048576K
}
Event: 3957.559 GC heap before
{Heap before GC invocations=119 (full 0):
 garbage-first heap   total 462848K, used 241593K [0x00000000a0000000, 0x0000000100000000)
  region size 1024K, 16 young (16384K), 1 survivors (1024K)
 Metaspace       used 139731K, capacity 143157K, committed 143440K, reserved 1175552K
  class space    used 16853K, capacity 18095K, committed 18176K, reserved 1048576K
}
Event: 3957.566 GC heap after
{Heap after GC invocations=120 (full 0):
 garbage-first heap   total 462848K, used 227598K [0x00000000a0000000, 0x0000000100000000)
  region size 1024K, 1 young (1024K), 1 survivors (1024K)
 Metaspace       used 139731K, capacity 143157K, committed 143440K, reserved 1175552K
  class space    used 16853K, capacity 18095K, committed 18176K, reserved 1048576K
}

